////////////////////////////////////////////////////////////////////////////////
///////////////////InstallShield Media Library Report Summary///////////////////
////////////////////////////////////////////////////////////////////////////////

Media Name      : Default
Report Filename : C:\My Installations\The Imp\Media\Default\Report Files\10-08-2002 10.15.46AM.rpt
Date            : 10/08/2002
Time            : 10:15AM

Number of Components:                3 
Number of File Groups:               0 
Number of Files:                     0 
Total Size of Files:                 0 (bytes)

==========
COMPONENTS
==========


     Program Files
     Example Files
     Help Files


////////////////////////////////////////////////////////////////////////////////
/////////////////////////////////Report Details/////////////////////////////////
////////////////////////////////////////////////////////////////////////////////


================================================================================
                                 COMPONENT: ""
================================================================================

SUMMARY:
    Total Files:                0 (files for this component only)
    Source Bytes:               0 (files for this component only)
